###############################################################################
#
# IAR C/C++ Compiler V9.30.1.3056 for 8051                31/Oct/2016  11:56:48
# Copyright 2004-2015 IAR Systems AB.
# Standalone license - IAR Embedded Workbench for 8051
#
#    Core               =  plain
#    Code model         =  banked
#    Data model         =  large
#    Calling convention =  xdata reentrant
#    Constant location  =  data_rom
#    Dptr setup         =  1,16
#                          
#    Source file        =  
#        E:\资源\个人项目\ZigbeeProject\Z-Stack Mesh
#        1.0.0\Projects\zstack\Samples\Demo_App_V2.03优化动态内存
#        -最后无错修改\Module\WaterMachine\WaterMachineDriver.c
#    Command line       =  
#        -f "E:\资源\个人项目\ZigbeeProject\Z-Stack Mesh
#        1.0.0\Projects\zstack\Samples\Demo_App_V2.03优化动态内存
#        -最后无错修改\CC2530DB\..\..\..\Tools\CC2530DB\f8wEndev.cfg"
#        (-DCPU32MHZ -DROOT=__near_func -DMAC_CFG_TX_DATA_MAX=3
#        -DMAC_CFG_TX_MAX=6 -DMAC_CFG_RX_MAX=3) -f
#        "E:\资源\个人项目\ZigbeeProject\Z-Stack Mesh
#        1.0.0\Projects\zstack\Samples\Demo_App_V2.03优化动态内存
#        -最后无错修改\CC2530DB\..\..\..\Tools\CC2530DB\f8wConfig.cfg"
#        (-DZIGBEEPRO -DSECURE=1 -DZG_SECURE_DYNAMIC=0 -DREFLECTOR
#        -DDEFAULT_CHANLIST=0x00000800 -DZDAPP_CONFIG_PAN_ID=0xFFFF
#        -DNWK_START_DELAY=100 -DEXTENDED_JOINING_RANDOM_MASK=0x007F
#        -DBEACON_REQUEST_DELAY=100 -DBEACON_REQ_DELAY_MASK=0x00FF
#        -DLINK_STATUS_JITTER_MASK=0x007F -DROUTE_EXPIRY_TIME=30
#        -DAPSC_ACK_WAIT_DURATION_POLLED=3000 -DNWK_INDIRECT_MSG_TIMEOUT=7
#        -DMAX_RREQ_ENTRIES=8 -DAPSC_MAX_FRAME_RETRIES=3
#        -DNWK_MAX_DATA_RETRIES=2 -DMAX_POLL_FAILURE_RETRIES=2 -DMAX_BCAST=9
#        -DAPS_MAX_GROUPS=16 -DMAX_RTG_ENTRIES=40 -DNWK_MAX_BINDING_ENTRIES=4
#        -DMAX_BINDING_CLUSTER_IDS=4 "-DDEFAULT_KEY={0x01, 0x03, 0x05, 0x07,
#        0x09, 0x0B, 0x0D, 0x0F, 0x00, 0x02, 0x04, 0x06, 0x08, 0x0A, 0x0C,
#        0x0D}" -DMAC_MAX_FRAME_SIZE=116 -DZDNWKMGR_MIN_TRANSMISSIONS=20
#        "-DCONST=const __code" -DGENERIC=__generic -DRFD_RCVC_ALWAYS_ON=FALSE
#        -DPOLL_RATE=50 -DQUEUED_POLL_RATE=100 -DRESPONSE_POLL_RATE=100)
#        -DREJOIN_POLL_RATE=440 "E:\资源\个人项目\ZigbeeProject\Z-Stack Mesh
#        1.0.0\Projects\zstack\Samples\Demo_App_V2.03优化动态内存
#        -最后无错修改\Module\WaterMachine\WaterMachineDriver.c" -D
#        HAL_UART=TRUE -D HAL_UART_ISR=1 -D HAL_UART_DMA=0 -D LOG_OUT -D
#        UART1_PROTOCOL_RESOLVER=1 -D xISQC -D NWK_AUTO_POLL -D xZTOOL_P1 -D
#        ISR_KEYINTERRUPT -D xMT_TASK -D xMT_SYS_FUNC -D xMT_ZDO_FUNC -D
#        xLCD_SUPPORTED=DEBUG -D xPOWER_SAVING -lC
#        "E:\资源\个人项目\ZigbeeProject\Z-Stack Mesh
#        1.0.0\Projects\zstack\Samples\Demo_App_V2.03优化动态内存
#        -最后无错修改\CC2530DB\WaterMachine\List" -lA
#        "E:\资源\个人项目\ZigbeeProject\Z-Stack Mesh
#        1.0.0\Projects\zstack\Samples\Demo_App_V2.03优化动态内存
#        -最后无错修改\CC2530DB\WaterMachine\List" --diag_suppress Pe001,Pa010
#        -o "E:\资源\个人项目\ZigbeeProject\Z-Stack Mesh
#        1.0.0\Projects\zstack\Samples\Demo_App_V2.03优化动态内存
#        -最后无错修改\CC2530DB\WaterMachine\Obj" -e --no_code_motion --debug
#        --core=plain --dptr=16,1 --data_model=large --code_model=banked
#        --calling_convention=xdata_reentrant --place_constants=data_rom
#        --nr_virtual_regs 8 -I "E:\资源\个人项目\ZigbeeProject\Z-Stack Mesh
#        1.0.0\Projects\zstack\Samples\Demo_App_V2.03优化动态内存
#        -最后无错修改\CC2530DB\" -I "E:\资源\个人项目\ZigbeeProject\Z-Stack
#        Mesh 1.0.0\Projects\zstack\Samples\Demo_App_V2.03优化动态内存
#        -最后无错修改\CC2530DB\..\Source\" -I
#        "E:\资源\个人项目\ZigbeeProject\Z-Stack Mesh
#        1.0.0\Projects\zstack\Samples\Demo_App_V2.03优化动态内存
#        -最后无错修改\CC2530DB\..\Frame\" -I
#        "E:\资源\个人项目\ZigbeeProject\Z-Stack Mesh
#        1.0.0\Projects\zstack\Samples\Demo_App_V2.03优化动态内存
#        -最后无错修改\CC2530DB\..\Module\WaterMachine\" -I
#        "E:\资源\个人项目\ZigbeeProject\Z-Stack Mesh
#        1.0.0\Projects\zstack\Samples\Demo_App_V2.03优化动态内存
#        -最后无错修改\CC2530DB\..\..\..\ZMain\TI2530DB\" -I
#        "E:\资源\个人项目\ZigbeeProject\Z-Stack Mesh
#        1.0.0\Projects\zstack\Samples\Demo_App_V2.03优化动态内存
#        -最后无错修改\CC2530DB\..\..\..\..\..\Components\hal\include\" -I
#        "E:\资源\个人项目\ZigbeeProject\Z-Stack Mesh
#        1.0.0\Projects\zstack\Samples\Demo_App_V2.03优化动态内存
#        -最后无错修改\CC2530DB\..\..\..\..\..\Components\hal\target\CC2530EB\"
#        -I "E:\资源\个人项目\ZigbeeProject\Z-Stack Mesh
#        1.0.0\Projects\zstack\Samples\Demo_App_V2.03优化动态内存
#        -最后无错修改\CC2530DB\..\..\..\..\..\Components\mac\include\" -I
#        "E:\资源\个人项目\ZigbeeProject\Z-Stack Mesh
#        1.0.0\Projects\zstack\Samples\Demo_App_V2.03优化动态内存
#        -最后无错修改\CC2530DB\..\..\..\..\..\Components\mac\high_level\" -I
#        "E:\资源\个人项目\ZigbeeProject\Z-Stack Mesh
#        1.0.0\Projects\zstack\Samples\Demo_App_V2.03优化动态内存
#        -最后无错修改\CC2530DB\..\..\..\..\..\Components\mac\low_level\srf04\"
#        -I "E:\资源\个人项目\ZigbeeProject\Z-Stack Mesh
#        1.0.0\Projects\zstack\Samples\Demo_App_V2.03优化动态内存
#        -最后无错修改\CC2530DB\..\..\..\..\..\Components\mac\low_level\srf04\single_chip\"
#        -I "E:\资源\个人项目\ZigbeeProject\Z-Stack Mesh
#        1.0.0\Projects\zstack\Samples\Demo_App_V2.03优化动态内存
#        -最后无错修改\CC2530DB\..\..\..\..\..\Components\mt\" -I
#        "E:\资源\个人项目\ZigbeeProject\Z-Stack Mesh
#        1.0.0\Projects\zstack\Samples\Demo_App_V2.03优化动态内存
#        -最后无错修改\CC2530DB\..\..\..\..\..\Components\osal\include\" -I
#        "E:\资源\个人项目\ZigbeeProject\Z-Stack Mesh
#        1.0.0\Projects\zstack\Samples\Demo_App_V2.03优化动态内存
#        -最后无错修改\CC2530DB\..\..\..\..\..\Components\services\saddr\" -I
#        "E:\资源\个人项目\ZigbeeProject\Z-Stack Mesh
#        1.0.0\Projects\zstack\Samples\Demo_App_V2.03优化动态内存
#        -最后无错修改\CC2530DB\..\..\..\..\..\Components\services\sdata\" -I
#        "E:\资源\个人项目\ZigbeeProject\Z-Stack Mesh
#        1.0.0\Projects\zstack\Samples\Demo_App_V2.03优化动态内存
#        -最后无错修改\CC2530DB\..\..\..\..\..\Components\stack\af\" -I
#        "E:\资源\个人项目\ZigbeeProject\Z-Stack Mesh
#        1.0.0\Projects\zstack\Samples\Demo_App_V2.03优化动态内存
#        -最后无错修改\CC2530DB\..\..\..\..\..\Components\stack\nwk\" -I
#        "E:\资源\个人项目\ZigbeeProject\Z-Stack Mesh
#        1.0.0\Projects\zstack\Samples\Demo_App_V2.03优化动态内存
#        -最后无错修改\CC2530DB\..\..\..\..\..\Components\stack\sapi\" -I
#        "E:\资源\个人项目\ZigbeeProject\Z-Stack Mesh
#        1.0.0\Projects\zstack\Samples\Demo_App_V2.03优化动态内存
#        -最后无错修改\CC2530DB\..\..\..\..\..\Components\stack\sec\" -I
#        "E:\资源\个人项目\ZigbeeProject\Z-Stack Mesh
#        1.0.0\Projects\zstack\Samples\Demo_App_V2.03优化动态内存
#        -最后无错修改\CC2530DB\..\..\..\..\..\Components\stack\sys\" -I
#        "E:\资源\个人项目\ZigbeeProject\Z-Stack Mesh
#        1.0.0\Projects\zstack\Samples\Demo_App_V2.03优化动态内存
#        -最后无错修改\CC2530DB\..\..\..\..\..\Components\stack\zdo\" -I
#        "E:\资源\个人项目\ZigbeeProject\Z-Stack Mesh
#        1.0.0\Projects\zstack\Samples\Demo_App_V2.03优化动态内存
#        -最后无错修改\CC2530DB\..\..\..\..\..\Components\zmac\" -I
#        "E:\资源\个人项目\ZigbeeProject\Z-Stack Mesh
#        1.0.0\Projects\zstack\Samples\Demo_App_V2.03优化动态内存
#        -最后无错修改\CC2530DB\..\..\..\..\..\Components\zmac\f8w\" -Ohz
#    List file          =  
#        E:\资源\个人项目\ZigbeeProject\Z-Stack Mesh
#        1.0.0\Projects\zstack\Samples\Demo_App_V2.03优化动态内存
#        -最后无错修改\CC2530DB\WaterMachine\List\WaterMachineDriver.lst
#    Object file        =  
#        E:\资源\个人项目\ZigbeeProject\Z-Stack Mesh
#        1.0.0\Projects\zstack\Samples\Demo_App_V2.03优化动态内存
#        -最后无错修改\CC2530DB\WaterMachine\Obj\WaterMachineDriver.r51
#
###############################################################################

E:\资源\个人项目\ZigbeeProject\Z-Stack Mesh 1.0.0\Projects\zstack\Samples\Demo_App_V2.03优化动态内存 -最后无错修改\Module\WaterMachine\WaterMachineDriver.c
      1          #include "WaterMachineDriver.h"
      2          
      3          #include "WaterMachineProtocol.h"
      4          #include "ProtocolHandle.h"
      5          
      6          WaterM_Info_T WaterM;
      7          /****************************************************
      8          	函数名:	WaterMachine_Init
      9          	功能:	饮水机IO相关初始化  
     10                  作者:	2016年10月18日20:44:34
     11          ****************************************************/
     12          void WaterMachine_Init(void){ 
     13            WaterM.State = WATERM_FINISH;
     14            WaterM.Short_Addr = 0;
     15            
     16            P0SEL &= ~BV(4);//继电器 工作灯
     17            P0SEL &= ~BV(6);//指示灯
     18            P1SEL &= ~BV(0);//LED1 
     19            P1SEL &= ~BV(1);//LED2
     20            P1SEL &= ~BV(4);//LED3
     21            P1SEL &= ~BV(3);//温控输入
     22             
     23            P0DIR |= BV(4);//继电器 工作灯
     24            P0DIR |= BV(6);//指示灯
     25            P1DIR |= BV(0); 
     26            P1DIR |= BV(1);
     27            P1DIR |= BV(4); 
     28            P1DIR &= ~BV(3);//温控输入 
     29            
     30            P1_0 = 1;
     31            P1_1 = 1;
     32            P1_4 = 1;
     33            
     34            JDQ_ENABLE;
     35            PWRLED_ENABLE; 
     36            
     37          }
     38          
     39          /****************************************************
     40          	函数名:	WaterMachine_Init
     41          	功能:	饮水机IO相关初始化  
     42                  作者:	2016年10月18日20:44:34
     43          ****************************************************/
     44          void State_Check(void){
     45            RUN_STATE oldstate = WaterM.State;
     46            if(WaterM.State != WATERM_AWAIT){//如果没有关闭电源智控 
     47              PWRLED_ENABLE;
     48              if(TEMPCTRL_READ == TEMPCTRL_ENABLE){//如果温控数据需要加热
     49                  JDQ_ENABLE;//打开继电器所控电阻丝
     50                  WaterM.State = WATERM_RUN;
     51                  //printf("电阻丝加热工作\r\n");
     52              }else{
     53                  JDQ_DISABLE;//关闭继电器所控电阻丝
     54                  WaterM.State = WATERM_FINISH;
     55                  //printf("电阻丝加热停止\r\n");
     56              }
     57            }else{
     58              JDQ_DISABLE;
     59              PWRLED_DISABLE;
     60            }
     61            if(WaterM.State != oldstate)
     62              ReportState();
     63          }
     64          
     65          /****************************************************
     66          	函数名:	Cmd_P_Handle
     67          	功能:	接收主控指令 
     68                  作者:	2016年10月18日20:44:34
     69          ****************************************************/
     70          void Cmd_P_Handle(Protocol_Info_T* pi){
     71            printf("收到控制命令\r\n");
     72            if(pi->protocol.Cmd_P.para1 == (uint8_t)WATERM_CLOSE){
                          ^
Error[Pe136]: struct "_Protocol_Info_T" has no field "protocol"
     73              WaterM.State = WATERM_AWAIT;
     74              printf("智控关闭\r\n");
     75            }else if(pi->protocol.Cmd_P.para1 == (uint8_t)WATERM_OPEN){
                                ^
Error[Pe136]: struct "_Protocol_Info_T" has no field "protocol"
     76              WaterM.State = WATERM_RUN;
     77              printf("智控开启\r\n");
     78            }
     79            ReportState();
     80            
     81            
     82          }

Errors: 2
Warnings: none
